000 (8564004.000.000) 07/19 15:47:10 Job submitted from host: <128.8.216.5:9948?addrs=128.8.216.5-9948>
...
001 (8564004.000.000) 07/19 15:47:12 Job executing on host: <10.1.0.31:9618?addrs=10.1.0.31-9618+[--1]-9618&noUDP&sock=6858_6b45_3>
...
006 (8564004.000.000) 07/19 15:47:20 Image size of job updated: 1
	3  -  MemoryUsage of job (MB)
	2332  -  ResidentSetSize of job (KB)
...
005 (8564004.000.000) 07/19 15:47:22 Job terminated.
	(1) Normal termination (return value 1)
		Usr 0 00:00:00, Sys 0 00:00:00  -  Run Remote Usage
		Usr 0 00:00:00, Sys 0 00:00:00  -  Run Local Usage
		Usr 0 00:00:00, Sys 0 00:00:00  -  Total Remote Usage
		Usr 0 00:00:00, Sys 0 00:00:00  -  Total Local Usage
	0  -  Run Bytes Sent By Job
	0  -  Run Bytes Received By Job
	0  -  Total Bytes Sent By Job
	0  -  Total Bytes Received By Job
	Partitionable Resources :    Usage  Request Allocated
	   Cpus                 :                 1         1
	   Disk (KB)            :        1        1   8032460
	   Memory (MB)          :        3        1      2097
...
